<?xml version="1.0" encoding="UTF-8"?>
<!-- Generated by org.testng.reporters.JUnitXMLReporter -->
<testsuite ignored="0" hostname="LAPTOP-7K3E84U1" failures="0" tests="4" name="Default test" time="13.462" errors="0" timestamp="2024-09-11T14:59:26 IST">
  <testcase classname="TestNgListners.TestNgListnerTest" name="Enterurl" time="8.734"/>
  <testcase classname="TestNgListners.TestNgListnerTest" name="logoVerify" time="0.62"/>
  <testcase classname="TestNgListners.TestNgListnerTest" name="login" time="1.536"/>
  <testcase classname="TestNgListners.TestNgListnerTest" name="logout" time="2.499"/>
</testsuite> <!-- Default test -->
