<?xml version="1.0" encoding="UTF-8"?>
<!-- Generated by org.testng.reporters.JUnitXMLReporter -->
<testsuite ignored="0" hostname="LAPTOP-7K3E84U1" failures="0" tests="4" name="Test" time="34.644" errors="0" timestamp="2024-09-05T09:58:14 IST">
  <testcase classname="TestNGPackage.OrangeMgLoginTest" name="Enterurl" time="29.721"/>
  <testcase classname="TestNGPackage.OrangeMgLoginTest" name="logoVerify" time="0.715"/>
  <testcase classname="TestNGPackage.OrangeMgLoginTest" name="login" time="1.556"/>
  <testcase classname="TestNGPackage.OrangeMgLoginTest" name="logout" time="2.573"/>
</testsuite> <!-- Test -->
