<?xml version="1.0" encoding="UTF-8"?>
<!-- Generated by org.testng.reporters.JUnitXMLReporter -->
<testsuite ignored="0" hostname="LAPTOP-7K3E84U1" failures="0" tests="8" name="Test" time="25.382" errors="0" timestamp="2024-09-11T15:01:29 IST">
  <testcase classname="TestNGPackage.OrangeMgLoginTest" name="Enterurl" time="7.721"/>
  <testcase classname="TestNGPackage.OrangeMgLoginTest" name="logoVerify" time="0.522"/>
  <testcase classname="TestNGPackage.OrangeMgLoginTest" name="login" time="1.624"/>
  <testcase classname="TestNGPackage.OrangeMgLoginTest" name="logout" time="2.142"/>
  <testcase classname="TestNgListners.TestNgListnerTest" name="Enterurl" time="8.237"/>
  <testcase classname="TestNgListners.TestNgListnerTest" name="logoVerify" time="0.587"/>
  <testcase classname="TestNgListners.TestNgListnerTest" name="login" time="1.781"/>
  <testcase classname="TestNgListners.TestNgListnerTest" name="logout" time="2.677"/>
</testsuite> <!-- Test -->
