<?xml version="1.0" encoding="UTF-8"?>
<!-- Generated by org.testng.reporters.JUnitXMLReporter -->
<testsuite ignored="0" hostname="LAPTOP-7K3E84U1" failures="0" tests="4" name="Test" time="14.533" errors="0" timestamp="2024-09-06T13:43:12 IST">
  <testcase classname="TestNGPackage.OrangeMgLoginTest" name="Enterurl" time="10.101"/>
  <testcase classname="TestNGPackage.OrangeMgLoginTest" name="logoVerify" time="0.658"/>
  <testcase classname="TestNGPackage.OrangeMgLoginTest" name="login" time="1.563"/>
  <testcase classname="TestNGPackage.OrangeMgLoginTest" name="logout" time="2.129"/>
</testsuite> <!-- Test -->
