<?xml version="1.0" encoding="UTF-8"?>
<testng-results ignored="0" total="4" passed="4" failed="0" skipped="0">
  <reporter-output>
  </reporter-output>
  <suite started-at="2024-09-06T13:42:58 IST" name="Suite" finished-at="2024-09-06T13:43:12 IST" duration-ms="14533">
    <groups>
    </groups>
    <test started-at="2024-09-06T13:42:58 IST" name="Test" finished-at="2024-09-06T13:43:12 IST" duration-ms="14533">
      <class name="TestNGPackage.OrangeMgLoginTest">
        <test-method signature="Enterurl()[pri:1, instance:TestNGPackage.OrangeMgLoginTest@f09733f]" started-at="2024-09-06T13:42:58 IST" name="Enterurl" finished-at="2024-09-06T13:43:08 IST" duration-ms="10101" status="PASS">
          <reporter-output>
          </reporter-output>
        </test-method> <!-- Enterurl -->
        <test-method signature="logoVerify()[pri:2, instance:TestNGPackage.OrangeMgLoginTest@f09733f]" started-at="2024-09-06T13:43:08 IST" name="logoVerify" finished-at="2024-09-06T13:43:09 IST" duration-ms="658" status="PASS">
          <reporter-output>
          </reporter-output>
        </test-method> <!-- logoVerify -->
        <test-method signature="login()[pri:3, instance:TestNGPackage.OrangeMgLoginTest@f09733f]" started-at="2024-09-06T13:43:09 IST" name="login" finished-at="2024-09-06T13:43:10 IST" duration-ms="1563" status="PASS">
          <reporter-output>
          </reporter-output>
        </test-method> <!-- login -->
        <test-method signature="logout()[pri:4, instance:TestNGPackage.OrangeMgLoginTest@f09733f]" started-at="2024-09-06T13:43:10 IST" name="logout" finished-at="2024-09-06T13:43:12 IST" duration-ms="2129" status="PASS">
          <reporter-output>
          </reporter-output>
        </test-method> <!-- logout -->
      </class> <!-- TestNGPackage.OrangeMgLoginTest -->
    </test> <!-- Test -->
  </suite> <!-- Suite -->
</testng-results>
