<?xml version="1.0" encoding="UTF-8"?>
<testng-results ignored="0" total="8" passed="8" failed="0" skipped="0">
  <reporter-output>
  </reporter-output>
  <suite started-at="2024-09-11T15:01:03 IST" name="Suite" finished-at="2024-09-11T15:01:29 IST" duration-ms="25382">
    <groups>
    </groups>
    <test started-at="2024-09-11T15:01:03 IST" name="Test" finished-at="2024-09-11T15:01:29 IST" duration-ms="25382">
      <class name="TestNGPackage.OrangeMgLoginTest">
        <test-method signature="Enterurl()[pri:1, instance:TestNGPackage.OrangeMgLoginTest@36916eb0]" started-at="2024-09-11T15:01:03 IST" name="Enterurl" finished-at="2024-09-11T15:01:11 IST" duration-ms="7721" status="PASS">
          <reporter-output>
          </reporter-output>
        </test-method> <!-- Enterurl -->
        <test-method signature="logoVerify()[pri:2, instance:TestNGPackage.OrangeMgLoginTest@36916eb0]" started-at="2024-09-11T15:01:11 IST" name="logoVerify" finished-at="2024-09-11T15:01:11 IST" duration-ms="522" status="PASS">
          <reporter-output>
          </reporter-output>
        </test-method> <!-- logoVerify -->
        <test-method signature="login()[pri:3, instance:TestNGPackage.OrangeMgLoginTest@36916eb0]" started-at="2024-09-11T15:01:11 IST" name="login" finished-at="2024-09-11T15:01:13 IST" duration-ms="1624" status="PASS">
          <reporter-output>
          </reporter-output>
        </test-method> <!-- login -->
        <test-method signature="logout()[pri:4, instance:TestNGPackage.OrangeMgLoginTest@36916eb0]" started-at="2024-09-11T15:01:13 IST" name="logout" finished-at="2024-09-11T15:01:15 IST" duration-ms="2142" status="PASS">
          <reporter-output>
          </reporter-output>
        </test-method> <!-- logout -->
      </class> <!-- TestNGPackage.OrangeMgLoginTest -->
      <class name="TestNgListners.TestNgListnerTest">
        <test-method signature="Enterurl()[pri:1, instance:TestNgListners.TestNgListnerTest@428640fa]" started-at="2024-09-11T15:01:15 IST" name="Enterurl" finished-at="2024-09-11T15:01:23 IST" duration-ms="8237" status="PASS">
          <reporter-output>
          </reporter-output>
        </test-method> <!-- Enterurl -->
        <test-method signature="logoVerify()[pri:2, instance:TestNgListners.TestNgListnerTest@428640fa]" started-at="2024-09-11T15:01:23 IST" name="logoVerify" finished-at="2024-09-11T15:01:24 IST" duration-ms="587" status="PASS">
          <reporter-output>
          </reporter-output>
        </test-method> <!-- logoVerify -->
        <test-method signature="login()[pri:3, instance:TestNgListners.TestNgListnerTest@428640fa]" started-at="2024-09-11T15:01:24 IST" name="login" finished-at="2024-09-11T15:01:26 IST" depends-on-methods="TestNgListners.TestNgListnerTest.Enterurl" duration-ms="1781" status="PASS">
          <reporter-output>
          </reporter-output>
        </test-method> <!-- login -->
        <test-method signature="logout()[pri:4, instance:TestNgListners.TestNgListnerTest@428640fa]" started-at="2024-09-11T15:01:26 IST" name="logout" finished-at="2024-09-11T15:01:29 IST" duration-ms="2677" status="PASS">
          <reporter-output>
          </reporter-output>
        </test-method> <!-- logout -->
      </class> <!-- TestNgListners.TestNgListnerTest -->
    </test> <!-- Test -->
  </suite> <!-- Suite -->
</testng-results>
