<?xml version="1.0" encoding="UTF-8"?>
<testng-results ignored="0" total="4" passed="4" failed="0" skipped="0">
  <reporter-output>
  </reporter-output>
  <suite started-at="2024-09-05T09:57:39 IST" name="Suite" finished-at="2024-09-05T09:58:14 IST" duration-ms="34644">
    <groups>
    </groups>
    <test started-at="2024-09-05T09:57:39 IST" name="Test" finished-at="2024-09-05T09:58:14 IST" duration-ms="34644">
      <class name="TestNGPackage.OrangeMgLoginTest">
        <test-method signature="Enterurl()[pri:1, instance:TestNGPackage.OrangeMgLoginTest@21282ed8]" started-at="2024-09-05T09:57:39 IST" name="Enterurl" finished-at="2024-09-05T09:58:09 IST" duration-ms="29721" status="PASS">
          <reporter-output>
          </reporter-output>
        </test-method> <!-- Enterurl -->
        <test-method signature="logoVerify()[pri:2, instance:TestNGPackage.OrangeMgLoginTest@21282ed8]" started-at="2024-09-05T09:58:09 IST" name="logoVerify" finished-at="2024-09-05T09:58:10 IST" duration-ms="715" status="PASS">
          <reporter-output>
          </reporter-output>
        </test-method> <!-- logoVerify -->
        <test-method signature="login()[pri:3, instance:TestNGPackage.OrangeMgLoginTest@21282ed8]" started-at="2024-09-05T09:58:10 IST" name="login" finished-at="2024-09-05T09:58:11 IST" duration-ms="1556" status="PASS">
          <reporter-output>
          </reporter-output>
        </test-method> <!-- login -->
        <test-method signature="logout()[pri:4, instance:TestNGPackage.OrangeMgLoginTest@21282ed8]" started-at="2024-09-05T09:58:11 IST" name="logout" finished-at="2024-09-05T09:58:14 IST" duration-ms="2573" status="PASS">
          <reporter-output>
          </reporter-output>
        </test-method> <!-- logout -->
      </class> <!-- TestNGPackage.OrangeMgLoginTest -->
    </test> <!-- Test -->
  </suite> <!-- Suite -->
</testng-results>
